<?xml version="1.0" encoding="UTF-8"?>
<!-- Generated by org.testng.reporters.JUnitXMLReporter -->
<testsuite hostname="sagarw-VAIO" name="Validating Add to cart Test" tests="6" failures="4" timestamp="11 Jan 2021 10:31:22 GMT" time="52.899" errors="0">
  <testcase name="testCheckoutButtonWithEmptyCart" time="4.305" classname="ssda_test.customer.TC02_CustAddtoCartTest"/>
  <testcase name="testAddToCartButtonVisibility" time="9.311" classname="ssda_test.customer.TC02_CustAddtoCartTest"/>
  <testcase name="testAddToCartFeature" time="20.976" classname="ssda_test.customer.TC02_CustAddtoCartTest">
    <failure type="org.openqa.selenium.NoSuchElementException" message="no such element: Unable to locate element: {&amp;quot;method&amp;quot;:&amp;quot;xpath&amp;quot;,&amp;quot;selector&amp;quot;:&amp;quot;//div[@aria-label=&amp;apos;The product is added in the cart&amp;apos;]&amp;quot;}
  (Session info: chrome=87.0.4280.88)
For documentation on this error, please visit: https://www.seleniumhq.org/exceptions/no_such_element.html
Build info: version: &amp;apos;3.141.59&amp;apos;, revision: &amp;apos;e82be7d358&amp;apos;, time: &amp;apos;2018-11-14T08:17:03&amp;apos;
System info: host: &amp;apos;SAGARW-VAIO&amp;apos;, ip: &amp;apos;192.168.0.106&amp;apos;, os.name: &amp;apos;Windows 7&amp;apos;, os.arch: &amp;apos;amd64&amp;apos;, os.version: &amp;apos;6.1&amp;apos;, java.version: &amp;apos;1.8.0_221&amp;apos;
Driver info: org.openqa.selenium.chrome.ChromeDriver
Capabilities {acceptInsecureCerts: false, browserName: chrome, browserVersion: 87.0.4280.88, chrome: {chromedriverVersion: 87.0.4280.88 (89e2380a3e36c..., userDataDir: C:\Users\sagarw\AppData\Loc...}, goog:chromeOptions: {debuggerAddress: localhost:51022}, javascriptEnabled: true, networkConnectionEnabled: false, pageLoadStrategy: normal, platform: WINDOWS, platformName: WINDOWS, proxy: Proxy(), setWindowRect: true, strictFileInteractability: false, timeouts: {implicit: 0, pageLoad: 300000, script: 30000}, unhandledPromptBehavior: dismiss and notify, webauthn:virtualAuthenticators: true}
Session ID: 0c9b4f7d7a1bd15a83184a871e63d811
*** Element info: {Using=xpath, value=//div[@aria-label=&amp;apos;The product is added in the cart&amp;apos;]}">
      <![CDATA[org.openqa.selenium.NoSuchElementException: no such element: Unable to locate element: {"method":"xpath","selector":"//div[@aria-label='The product is added in the cart']"}
  (Session info: chrome=87.0.4280.88)
For documentation on this error, please visit: https://www.seleniumhq.org/exceptions/no_such_element.html
Build info: version: '3.141.59', revision: 'e82be7d358', time: '2018-11-14T08:17:03'
System info: host: 'SAGARW-VAIO', ip: '192.168.0.106', os.name: 'Windows 7', os.arch: 'amd64', os.version: '6.1', java.version: '1.8.0_221'
Driver info: org.openqa.selenium.chrome.ChromeDriver
Capabilities {acceptInsecureCerts: false, browserName: chrome, browserVersion: 87.0.4280.88, chrome: {chromedriverVersion: 87.0.4280.88 (89e2380a3e36c..., userDataDir: C:\Users\sagarw\AppData\Loc...}, goog:chromeOptions: {debuggerAddress: localhost:51022}, javascriptEnabled: true, networkConnectionEnabled: false, pageLoadStrategy: normal, platform: WINDOWS, platformName: WINDOWS, proxy: Proxy(), setWindowRect: true, strictFileInteractability: false, timeouts: {implicit: 0, pageLoad: 300000, script: 30000}, unhandledPromptBehavior: dismiss and notify, webauthn:virtualAuthenticators: true}
Session ID: 0c9b4f7d7a1bd15a83184a871e63d811
*** Element info: {Using=xpath, value=//div[@aria-label='The product is added in the cart']}
	at org.openqa.selenium.remote.http.W3CHttpResponseCodec.createException(W3CHttpResponseCodec.java:187)
	at org.openqa.selenium.remote.http.W3CHttpResponseCodec.decode(W3CHttpResponseCodec.java:122)
	at org.openqa.selenium.remote.http.W3CHttpResponseCodec.decode(W3CHttpResponseCodec.java:49)
	at org.openqa.selenium.remote.HttpCommandExecutor.execute(HttpCommandExecutor.java:158)
	at org.openqa.selenium.remote.service.DriverCommandExecutor.execute(DriverCommandExecutor.java:83)
	at org.openqa.selenium.remote.RemoteWebDriver.execute(RemoteWebDriver.java:552)
	at org.openqa.selenium.remote.RemoteWebDriver.findElement(RemoteWebDriver.java:323)
	at org.openqa.selenium.remote.RemoteWebDriver.findElementByXPath(RemoteWebDriver.java:428)
	at org.openqa.selenium.By$ByXPath.findElement(By.java:353)
	at org.openqa.selenium.remote.RemoteWebDriver.findElement(RemoteWebDriver.java:315)
	at pageObjects.CustomerHomePage.getProductAddedAlert(CustomerHomePage.java:127)
	at ssda_test.customer.TC02_CustAddtoCartTest.testAddToCartFeature(TC02_CustAddtoCartTest.java:78)
... Removed 28 stack frames]]>
    </failure>
  </testcase> <!-- testAddToCartFeature -->
  <testcase name="testProductDetailsInCart" time="0.16" classname="ssda_test.customer.TC02_CustAddtoCartTest">
    <failure type="java.lang.NumberFormatException" message="For input string: &amp;quot;3,333.00&amp;quot;">
      <![CDATA[java.lang.NumberFormatException: For input string: "3,333.00"
	at sun.misc.FloatingDecimal.readJavaFormatString(FloatingDecimal.java:2043)
	at sun.misc.FloatingDecimal.parseDouble(FloatingDecimal.java:110)
	at java.lang.Double.parseDouble(Double.java:538)
	at ssda_test.customer.TC02_CustAddtoCartTest.testProductDetailsInCart(TC02_CustAddtoCartTest.java:94)
... Removed 24 stack frames]]>
    </failure>
  </testcase> <!-- testProductDetailsInCart -->
  <testcase name="testTotalAmountPayable" time="0.05" classname="ssda_test.customer.TC02_CustAddtoCartTest">
    <failure type="java.lang.AssertionError" message="expected [true] but found [false]">
      <![CDATA[java.lang.AssertionError: expected [true] but found [false]
	at ssda_test.customer.TC02_CustAddtoCartTest.testTotalAmountPayable(TC02_CustAddtoCartTest.java:103)
... Removed 28 stack frames]]>
    </failure>
  </testcase> <!-- testTotalAmountPayable -->
  <testcase name="testDeleteItemFromCart" time="0.043" classname="ssda_test.customer.TC02_CustAddtoCartTest">
    <failure type="java.lang.NumberFormatException" message="For input string: &amp;quot;3,333.00&amp;quot;">
      <![CDATA[java.lang.NumberFormatException: For input string: "3,333.00"
	at sun.misc.FloatingDecimal.readJavaFormatString(FloatingDecimal.java:2043)
	at sun.misc.FloatingDecimal.parseDouble(FloatingDecimal.java:110)
	at java.lang.Double.parseDouble(Double.java:538)
	at ssda_test.customer.TC02_CustAddtoCartTest.testDeleteItemFromCart(TC02_CustAddtoCartTest.java:112)
... Removed 24 stack frames]]>
    </failure>
  </testcase> <!-- testDeleteItemFromCart -->
</testsuite> <!-- Validating Add to cart Test -->
