<?xml version="1.0" encoding="UTF-8"?>
<!-- Generated by org.testng.reporters.JUnitXMLReporter -->
<testsuite hostname="sagarw-VAIO" name="Validating place order and verify order details test" tests="4" failures="2" timestamp="21 Jan 2021 06:40:21 GMT" time="61.818" errors="0">
  <testcase name="testSelectTimeslotForDeliveryClickSubmit" time="17.911" classname="ssda_test.customer.TC06_CustPlaceOrderVerifyOrderDetailsTest">
    <failure type="java.lang.AssertionError" message="expected [true] but found [false]">
      <![CDATA[java.lang.AssertionError: expected [true] but found [false]
	at ssda_test.customer.TC06_CustPlaceOrderVerifyOrderDetailsTest.testSelectTimeslotForDeliveryClickSubmit(TC06_CustPlaceOrderVerifyOrderDetailsTest.java:80)
	at org.apache.maven.surefire.testng.TestNGExecutor.run(TestNGExecutor.java:283)
	at org.apache.maven.surefire.testng.TestNGXmlTestSuite.execute(TestNGXmlTestSuite.java:75)
	at org.apache.maven.surefire.testng.TestNGProvider.invoke(TestNGProvider.java:120)
	at org.apache.maven.surefire.booter.ForkedBooter.invokeProviderInSameClassLoader(ForkedBooter.java:386)
	at org.apache.maven.surefire.booter.ForkedBooter.runSuitesInProcess(ForkedBooter.java:323)
	at org.apache.maven.surefire.booter.ForkedBooter.main(ForkedBooter.java:143)
... Removed 25 stack frames]]>
    </failure>
  </testcase> <!-- testSelectTimeslotForDeliveryClickSubmit -->
  <testcase name="testCustomerOrderDisplayedonOrderListPage" time="9.825" classname="ssda_test.customer.TC06_CustPlaceOrderVerifyOrderDetailsTest">
    <failure type="java.lang.AssertionError" message="expected [true] but found [false]">
      <![CDATA[java.lang.AssertionError: expected [true] but found [false]
	at ssda_test.customer.TC06_CustPlaceOrderVerifyOrderDetailsTest.testCustomerOrderDisplayedonOrderListPage(TC06_CustPlaceOrderVerifyOrderDetailsTest.java:98)
	at org.apache.maven.surefire.testng.TestNGExecutor.run(TestNGExecutor.java:283)
	at org.apache.maven.surefire.testng.TestNGXmlTestSuite.execute(TestNGXmlTestSuite.java:75)
	at org.apache.maven.surefire.testng.TestNGProvider.invoke(TestNGProvider.java:120)
	at org.apache.maven.surefire.booter.ForkedBooter.invokeProviderInSameClassLoader(ForkedBooter.java:386)
	at org.apache.maven.surefire.booter.ForkedBooter.runSuitesInProcess(ForkedBooter.java:323)
	at org.apache.maven.surefire.booter.ForkedBooter.main(ForkedBooter.java:143)
... Removed 25 stack frames]]>
    </failure>
  </testcase> <!-- testCustomerOrderDisplayedonOrderListPage -->
  <testcase name="testOrderDetailsonOrderListPage" time="0.069" classname="ssda_test.customer.TC06_CustPlaceOrderVerifyOrderDetailsTest"/>
  <testcase name="testOrderDetailsinOrderDetailsWindow" time="1.745" classname="ssda_test.customer.TC06_CustPlaceOrderVerifyOrderDetailsTest"/>
</testsuite> <!-- Validating place order and verify order details test -->
