<?xml version="1.0" encoding="UTF-8"?>
<!-- Generated by org.testng.reporters.JUnitXMLReporter -->
<testsuite hostname="sagarw-VAIO" name="Validating Add Product to cart test" tests="5" failures="1" timestamp="21 Jan 2021 06:38:25 GMT" time="43.647" errors="0">
  <testcase name="testAddToCartFeature" time="11.698" classname="ssda_test.customer.TC04_CustAddtoCartTest">
    <failure type="java.lang.AssertionError" message="expected [true] but found [false]">
      <![CDATA[java.lang.AssertionError: expected [true] but found [false]
	at ssda_test.customer.TC04_CustAddtoCartTest.testAddToCartFeature(TC04_CustAddtoCartTest.java:59)
	at org.apache.maven.surefire.testng.TestNGExecutor.run(TestNGExecutor.java:283)
	at org.apache.maven.surefire.testng.TestNGXmlTestSuite.execute(TestNGXmlTestSuite.java:75)
	at org.apache.maven.surefire.testng.TestNGProvider.invoke(TestNGProvider.java:120)
	at org.apache.maven.surefire.booter.ForkedBooter.invokeProviderInSameClassLoader(ForkedBooter.java:386)
	at org.apache.maven.surefire.booter.ForkedBooter.runSuitesInProcess(ForkedBooter.java:323)
	at org.apache.maven.surefire.booter.ForkedBooter.main(ForkedBooter.java:143)
... Removed 25 stack frames]]>
    </failure>
  </testcase> <!-- testAddToCartFeature -->
  <testcase name="testProductDetailsAddedInCart" time="0.171" classname="ssda_test.customer.TC04_CustAddtoCartTest"/>
  <testcase name="testTotalAmountPayable" time="0.038" classname="ssda_test.customer.TC04_CustAddtoCartTest"/>
  <testcase name="testAddProductWithSameQuantity" time="6.005" classname="ssda_test.customer.TC04_CustAddtoCartTest"/>
  <testcase name="testDeleteItemFromCart" time="5.652" classname="ssda_test.customer.TC04_CustAddtoCartTest"/>
</testsuite> <!-- Validating Add Product to cart test -->
