<?xml version="1.0" encoding="UTF-8"?>
<testng-results skipped="0" failed="3" total="32" passed="29">
  <reporter-output>
  </reporter-output>
  <suite name="Suite" duration-ms="493388" started-at="2021-01-21T06:33:28Z" finished-at="2021-01-21T06:41:41Z">
    <groups>
    </groups>
    <test name="Validating Login page test" duration-ms="130022" started-at="2021-01-21T06:33:28Z" finished-at="2021-01-21T06:35:38Z">
      <class name="ssda_test.customer.TC01_CustLoginTest">
        <test-method status="PASS" signature="initialize()[pri:0, instance:ssda_test.customer.TC01_CustLoginTest@353352b6]" name="initialize" is-config="true" duration-ms="36956" started-at="2021-01-21T12:03:28Z" finished-at="2021-01-21T12:04:04Z">
          <reporter-output>
          </reporter-output>
        </test-method> <!-- initialize -->
        <test-method status="PASS" signature="testWithMobileNumberLessThanTenDigits()[pri:0, instance:ssda_test.customer.TC01_CustLoginTest@353352b6]" name="testWithMobileNumberLessThanTenDigits" duration-ms="23543" started-at="2021-01-21T12:04:05Z" finished-at="2021-01-21T12:04:28Z">
          <reporter-output>
          </reporter-output>
        </test-method> <!-- testWithMobileNumberLessThanTenDigits -->
        <test-method status="PASS" signature="testWithMobileNumberMoreThanTenDigits()[pri:0, instance:ssda_test.customer.TC01_CustLoginTest@353352b6]" name="testWithMobileNumberMoreThanTenDigits" duration-ms="19284" started-at="2021-01-21T12:04:36Z" finished-at="2021-01-21T12:04:55Z">
          <reporter-output>
          </reporter-output>
        </test-method> <!-- testWithMobileNumberMoreThanTenDigits -->
        <test-method status="PASS" signature="testWithMobileNumberContainsAlphabets()[pri:0, instance:ssda_test.customer.TC01_CustLoginTest@353352b6]" name="testWithMobileNumberContainsAlphabets" duration-ms="3292" started-at="2021-01-21T12:04:55Z" finished-at="2021-01-21T12:04:59Z">
          <reporter-output>
          </reporter-output>
        </test-method> <!-- testWithMobileNumberContainsAlphabets -->
        <test-method status="PASS" signature="testCustomerLoginWithInvalidCredentials()[pri:0, instance:ssda_test.customer.TC01_CustLoginTest@353352b6]" name="testCustomerLoginWithInvalidCredentials" duration-ms="10020" started-at="2021-01-21T12:04:59Z" finished-at="2021-01-21T12:05:09Z">
          <reporter-output>
          </reporter-output>
        </test-method> <!-- testCustomerLoginWithInvalidCredentials -->
        <test-method status="PASS" signature="testCustomerLoginWithValidCredentials()[pri:0, instance:ssda_test.customer.TC01_CustLoginTest@353352b6]" name="testCustomerLoginWithValidCredentials" duration-ms="18385" started-at="2021-01-21T12:05:09Z" finished-at="2021-01-21T12:05:27Z">
          <reporter-output>
          </reporter-output>
        </test-method> <!-- testCustomerLoginWithValidCredentials -->
        <test-method status="PASS" signature="teardown()[pri:0, instance:ssda_test.customer.TC01_CustLoginTest@353352b6]" name="teardown" is-config="true" duration-ms="10471" started-at="2021-01-21T12:05:27Z" finished-at="2021-01-21T12:05:38Z">
          <reporter-output>
          </reporter-output>
        </test-method> <!-- teardown -->
      </class> <!-- ssda_test.customer.TC01_CustLoginTest -->
    </test> <!-- Validating Login page test -->
    <test name="Validating Product inventory list in table test" duration-ms="64583" started-at="2021-01-21T06:35:45Z" finished-at="2021-01-21T06:36:49Z">
      <class name="ssda_test.customer.TC02_CustProductListTableValidationTest">
        <test-method status="PASS" signature="initialize()[pri:0, instance:ssda_test.customer.TC02_CustProductListTableValidationTest@609e8838]" name="initialize" is-config="true" duration-ms="33433" started-at="2021-01-21T12:05:45Z" finished-at="2021-01-21T12:06:18Z">
          <reporter-output>
          </reporter-output>
        </test-method> <!-- initialize -->
        <test-method status="PASS" signature="testCheckoutButtonWithEmptyCart()[pri:0, instance:ssda_test.customer.TC02_CustProductListTableValidationTest@609e8838]" name="testCheckoutButtonWithEmptyCart" duration-ms="14645" started-at="2021-01-21T12:06:18Z" finished-at="2021-01-21T12:06:33Z">
          <reporter-output>
          </reporter-output>
        </test-method> <!-- testCheckoutButtonWithEmptyCart -->
        <test-method status="PASS" signature="testDefaultSelectedQuantityofProduct()[pri:0, instance:ssda_test.customer.TC02_CustProductListTableValidationTest@609e8838]" name="testDefaultSelectedQuantityofProduct" duration-ms="438" started-at="2021-01-21T12:06:33Z" finished-at="2021-01-21T12:06:33Z">
          <reporter-output>
          </reporter-output>
        </test-method> <!-- testDefaultSelectedQuantityofProduct -->
        <test-method status="PASS" signature="testItemsDisplayedPerPage()[pri:0, instance:ssda_test.customer.TC02_CustProductListTableValidationTest@609e8838]" name="testItemsDisplayedPerPage" duration-ms="5958" started-at="2021-01-21T12:06:33Z" finished-at="2021-01-21T12:06:39Z">
          <reporter-output>
          </reporter-output>
        </test-method> <!-- testItemsDisplayedPerPage -->
        <test-method status="PASS" signature="testAddtoCartButtonDisplayedAsPerInventory()[pri:0, instance:ssda_test.customer.TC02_CustProductListTableValidationTest@609e8838]" name="testAddtoCartButtonDisplayedAsPerInventory" duration-ms="2743" started-at="2021-01-21T12:06:39Z" finished-at="2021-01-21T12:06:42Z">
          <reporter-output>
          </reporter-output>
        </test-method> <!-- testAddtoCartButtonDisplayedAsPerInventory -->
        <test-method status="PASS" signature="testQuantityDropdownForOnlyOnePerOrderProduct()[pri:0, instance:ssda_test.customer.TC02_CustProductListTableValidationTest@609e8838]" name="testQuantityDropdownForOnlyOnePerOrderProduct" duration-ms="925" started-at="2021-01-21T12:06:42Z" finished-at="2021-01-21T12:06:43Z">
          <reporter-output>
          </reporter-output>
        </test-method> <!-- testQuantityDropdownForOnlyOnePerOrderProduct -->
        <test-method status="PASS" signature="testSearchProductFunctionality()[pri:0, instance:ssda_test.customer.TC02_CustProductListTableValidationTest@609e8838]" name="testSearchProductFunctionality" duration-ms="5535" started-at="2021-01-21T12:06:43Z" finished-at="2021-01-21T12:06:48Z">
          <reporter-output>
          </reporter-output>
        </test-method> <!-- testSearchProductFunctionality -->
        <test-method status="PASS" signature="teardown()[pri:0, instance:ssda_test.customer.TC02_CustProductListTableValidationTest@609e8838]" name="teardown" is-config="true" duration-ms="902" started-at="2021-01-21T12:06:48Z" finished-at="2021-01-21T12:06:49Z">
          <reporter-output>
          </reporter-output>
        </test-method> <!-- teardown -->
      </class> <!-- ssda_test.customer.TC02_CustProductListTableValidationTest -->
    </test> <!-- Validating Product inventory list in table test -->
    <test name="Validating Product inventory list filters test" duration-ms="52069" started-at="2021-01-21T06:36:49Z" finished-at="2021-01-21T06:37:42Z">
      <class name="ssda_test.customer.TC03_CustProductListFiltersValidationTest">
        <test-method status="PASS" signature="initialize()[pri:0, instance:ssda_test.customer.TC03_CustProductListFiltersValidationTest@73eb439a]" name="initialize" is-config="true" duration-ms="22760" started-at="2021-01-21T12:06:49Z" finished-at="2021-01-21T12:07:12Z">
          <reporter-output>
          </reporter-output>
        </test-method> <!-- initialize -->
        <test-method status="PASS" signature="testTotalItemsFoundMatcheswithItemsInPaginationFilter()[pri:0, instance:ssda_test.customer.TC03_CustProductListFiltersValidationTest@73eb439a]" name="testTotalItemsFoundMatcheswithItemsInPaginationFilter" duration-ms="12115" started-at="2021-01-21T12:07:12Z" finished-at="2021-01-21T12:07:24Z">
          <reporter-output>
          </reporter-output>
        </test-method> <!-- testTotalItemsFoundMatcheswithItemsInPaginationFilter -->
        <test-method status="PASS" signature="testCategoryFilters()[pri:0, instance:ssda_test.customer.TC03_CustProductListFiltersValidationTest@73eb439a]" name="testCategoryFilters" duration-ms="10065" started-at="2021-01-21T12:07:24Z" finished-at="2021-01-21T12:07:34Z">
          <reporter-output>
          </reporter-output>
        </test-method> <!-- testCategoryFilters -->
        <test-method status="PASS" signature="testGroupFilters()[pri:0, instance:ssda_test.customer.TC03_CustProductListFiltersValidationTest@73eb439a]" name="testGroupFilters" duration-ms="1794" started-at="2021-01-21T12:07:34Z" finished-at="2021-01-21T12:07:36Z">
          <reporter-output>
          </reporter-output>
        </test-method> <!-- testGroupFilters -->
        <test-method status="PASS" signature="testClearAllFilters()[pri:0, instance:ssda_test.customer.TC03_CustProductListFiltersValidationTest@73eb439a]" name="testClearAllFilters" duration-ms="2433" started-at="2021-01-21T12:07:36Z" finished-at="2021-01-21T12:07:39Z">
          <reporter-output>
          </reporter-output>
        </test-method> <!-- testClearAllFilters -->
        <test-method status="PASS" signature="teardown()[pri:0, instance:ssda_test.customer.TC03_CustProductListFiltersValidationTest@73eb439a]" name="teardown" is-config="true" duration-ms="2899" started-at="2021-01-21T12:07:39Z" finished-at="2021-01-21T12:07:42Z">
          <reporter-output>
          </reporter-output>
        </test-method> <!-- teardown -->
      </class> <!-- ssda_test.customer.TC03_CustProductListFiltersValidationTest -->
    </test> <!-- Validating Product inventory list filters test -->
    <test name="Validating Add Product to cart test" duration-ms="43647" started-at="2021-01-21T06:37:42Z" finished-at="2021-01-21T06:38:25Z">
      <class name="ssda_test.customer.TC04_CustAddtoCartTest">
        <test-method status="PASS" signature="initialize()[pri:0, instance:ssda_test.customer.TC04_CustAddtoCartTest@61c4eee0]" name="initialize" is-config="true" duration-ms="18206" started-at="2021-01-21T12:07:42Z" finished-at="2021-01-21T12:08:00Z">
          <reporter-output>
          </reporter-output>
        </test-method> <!-- initialize -->
        <test-method status="FAIL" signature="testAddToCartFeature()[pri:0, instance:ssda_test.customer.TC04_CustAddtoCartTest@61c4eee0]" name="testAddToCartFeature" duration-ms="11698" started-at="2021-01-21T12:08:00Z" finished-at="2021-01-21T12:08:12Z">
          <exception class="java.lang.AssertionError">
            <message>
              <![CDATA[expected [true] but found [false]]]>
            </message>
            <full-stacktrace>
              <![CDATA[java.lang.AssertionError: expected [true] but found [false]
	at org.testng.Assert.fail(Assert.java:94)
	at org.testng.Assert.failNotEquals(Assert.java:494)
	at org.testng.Assert.assertTrue(Assert.java:42)
	at org.testng.Assert.assertTrue(Assert.java:52)
	at ssda_test.customer.TC04_CustAddtoCartTest.testAddToCartFeature(TC04_CustAddtoCartTest.java:59)
	at sun.reflect.NativeMethodAccessorImpl.invoke0(Native Method)
	at sun.reflect.NativeMethodAccessorImpl.invoke(NativeMethodAccessorImpl.java:62)
	at sun.reflect.DelegatingMethodAccessorImpl.invoke(DelegatingMethodAccessorImpl.java:43)
	at java.lang.reflect.Method.invoke(Method.java:498)
	at org.testng.internal.MethodInvocationHelper.invokeMethod(MethodInvocationHelper.java:80)
	at org.testng.internal.Invoker.invokeMethod(Invoker.java:714)
	at org.testng.internal.Invoker.invokeTestMethod(Invoker.java:901)
	at org.testng.internal.Invoker.invokeTestMethods(Invoker.java:1231)
	at org.testng.internal.TestMethodWorker.invokeTestMethods(TestMethodWorker.java:127)
	at org.testng.internal.TestMethodWorker.run(TestMethodWorker.java:111)
	at org.testng.TestRunner.privateRun(TestRunner.java:767)
	at org.testng.TestRunner.run(TestRunner.java:617)
	at org.testng.SuiteRunner.runTest(SuiteRunner.java:334)
	at org.testng.SuiteRunner.runSequentially(SuiteRunner.java:329)
	at org.testng.SuiteRunner.privateRun(SuiteRunner.java:291)
	at org.testng.SuiteRunner.run(SuiteRunner.java:240)
	at org.testng.SuiteRunnerWorker.runSuite(SuiteRunnerWorker.java:52)
	at org.testng.SuiteRunnerWorker.run(SuiteRunnerWorker.java:86)
	at org.testng.TestNG.runSuitesSequentially(TestNG.java:1198)
	at org.testng.TestNG.runSuitesLocally(TestNG.java:1123)
	at org.testng.TestNG.run(TestNG.java:1031)
	at org.apache.maven.surefire.testng.TestNGExecutor.run(TestNGExecutor.java:283)
	at org.apache.maven.surefire.testng.TestNGXmlTestSuite.execute(TestNGXmlTestSuite.java:75)
	at org.apache.maven.surefire.testng.TestNGProvider.invoke(TestNGProvider.java:120)
	at org.apache.maven.surefire.booter.ForkedBooter.invokeProviderInSameClassLoader(ForkedBooter.java:386)
	at org.apache.maven.surefire.booter.ForkedBooter.runSuitesInProcess(ForkedBooter.java:323)
	at org.apache.maven.surefire.booter.ForkedBooter.main(ForkedBooter.java:143)
]]>
            </full-stacktrace>
          </exception> <!-- java.lang.AssertionError -->
          <reporter-output>
          </reporter-output>
        </test-method> <!-- testAddToCartFeature -->
        <test-method status="PASS" signature="testProductDetailsAddedInCart()[pri:0, instance:ssda_test.customer.TC04_CustAddtoCartTest@61c4eee0]" name="testProductDetailsAddedInCart" duration-ms="171" started-at="2021-01-21T12:08:13Z" finished-at="2021-01-21T12:08:13Z">
          <reporter-output>
          </reporter-output>
        </test-method> <!-- testProductDetailsAddedInCart -->
        <test-method status="PASS" signature="testTotalAmountPayable()[pri:0, instance:ssda_test.customer.TC04_CustAddtoCartTest@61c4eee0]" name="testTotalAmountPayable" duration-ms="38" started-at="2021-01-21T12:08:13Z" finished-at="2021-01-21T12:08:13Z">
          <reporter-output>
          </reporter-output>
        </test-method> <!-- testTotalAmountPayable -->
        <test-method status="PASS" signature="testAddProductWithSameQuantity()[pri:0, instance:ssda_test.customer.TC04_CustAddtoCartTest@61c4eee0]" name="testAddProductWithSameQuantity" duration-ms="6005" started-at="2021-01-21T12:08:13Z" finished-at="2021-01-21T12:08:19Z">
          <reporter-output>
          </reporter-output>
        </test-method> <!-- testAddProductWithSameQuantity -->
        <test-method status="PASS" signature="testDeleteItemFromCart()[pri:0, instance:ssda_test.customer.TC04_CustAddtoCartTest@61c4eee0]" name="testDeleteItemFromCart" duration-ms="5652" started-at="2021-01-21T12:08:19Z" finished-at="2021-01-21T12:08:24Z">
          <reporter-output>
          </reporter-output>
        </test-method> <!-- testDeleteItemFromCart -->
        <test-method status="PASS" signature="teardown()[pri:0, instance:ssda_test.customer.TC04_CustAddtoCartTest@61c4eee0]" name="teardown" is-config="true" duration-ms="891" started-at="2021-01-21T12:08:24Z" finished-at="2021-01-21T12:08:25Z">
          <reporter-output>
          </reporter-output>
        </test-method> <!-- teardown -->
      </class> <!-- ssda_test.customer.TC04_CustAddtoCartTest -->
    </test> <!-- Validating Add Product to cart test -->
    <test name="Validating select timeslot test" duration-ms="53823" started-at="2021-01-21T06:38:25Z" finished-at="2021-01-21T06:39:19Z">
      <class name="ssda_test.customer.TC05_CustSelectTimeslotTest">
        <test-method status="PASS" signature="initialize()[pri:0, instance:ssda_test.customer.TC05_CustSelectTimeslotTest@7fd50002]" name="initialize" is-config="true" duration-ms="22124" started-at="2021-01-21T12:08:25Z" finished-at="2021-01-21T12:08:47Z">
          <reporter-output>
          </reporter-output>
        </test-method> <!-- initialize -->
        <test-method status="PASS" signature="testAddToCartClickCheckoutButton()[pri:0, instance:ssda_test.customer.TC05_CustSelectTimeslotTest@7fd50002]" name="testAddToCartClickCheckoutButton" duration-ms="13289" started-at="2021-01-21T12:08:47Z" finished-at="2021-01-21T12:09:01Z">
          <reporter-output>
          </reporter-output>
        </test-method> <!-- testAddToCartClickCheckoutButton -->
        <test-method status="PASS" signature="testDontSelectTimeslotClickSubmit()[pri:0, instance:ssda_test.customer.TC05_CustSelectTimeslotTest@7fd50002]" name="testDontSelectTimeslotClickSubmit" duration-ms="11200" started-at="2021-01-21T12:09:01Z" finished-at="2021-01-21T12:09:12Z">
          <reporter-output>
          </reporter-output>
        </test-method> <!-- testDontSelectTimeslotClickSubmit -->
        <test-method status="PASS" signature="testSelectTimeslotForDeliveryClickCancel()[pri:0, instance:ssda_test.customer.TC05_CustSelectTimeslotTest@7fd50002]" name="testSelectTimeslotForDeliveryClickCancel" duration-ms="5964" started-at="2021-01-21T12:09:12Z" finished-at="2021-01-21T12:09:18Z">
          <reporter-output>
          </reporter-output>
        </test-method> <!-- testSelectTimeslotForDeliveryClickCancel -->
        <test-method status="PASS" signature="teardown()[pri:0, instance:ssda_test.customer.TC05_CustSelectTimeslotTest@7fd50002]" name="teardown" is-config="true" duration-ms="1243" started-at="2021-01-21T12:09:18Z" finished-at="2021-01-21T12:09:19Z">
          <reporter-output>
          </reporter-output>
        </test-method> <!-- teardown -->
      </class> <!-- ssda_test.customer.TC05_CustSelectTimeslotTest -->
    </test> <!-- Validating select timeslot test -->
    <test name="Validating place order and verify order details test" duration-ms="61818" started-at="2021-01-21T06:39:19Z" finished-at="2021-01-21T06:40:21Z">
      <class name="ssda_test.customer.TC06_CustPlaceOrderVerifyOrderDetailsTest">
        <test-method status="PASS" signature="initialize()[pri:0, instance:ssda_test.customer.TC06_CustPlaceOrderVerifyOrderDetailsTest@52f27fbd]" name="initialize" is-config="true" duration-ms="29894" started-at="2021-01-21T12:09:19Z" finished-at="2021-01-21T12:09:49Z">
          <reporter-output>
          </reporter-output>
        </test-method> <!-- initialize -->
        <test-method status="FAIL" signature="testSelectTimeslotForDeliveryClickSubmit()[pri:0, instance:ssda_test.customer.TC06_CustPlaceOrderVerifyOrderDetailsTest@52f27fbd]" name="testSelectTimeslotForDeliveryClickSubmit" duration-ms="17911" started-at="2021-01-21T12:09:49Z" finished-at="2021-01-21T12:10:07Z">
          <exception class="java.lang.AssertionError">
            <message>
              <![CDATA[expected [true] but found [false]]]>
            </message>
            <full-stacktrace>
              <![CDATA[java.lang.AssertionError: expected [true] but found [false]
	at org.testng.Assert.fail(Assert.java:94)
	at org.testng.Assert.failNotEquals(Assert.java:494)
	at org.testng.Assert.assertTrue(Assert.java:42)
	at org.testng.Assert.assertTrue(Assert.java:52)
	at ssda_test.customer.TC06_CustPlaceOrderVerifyOrderDetailsTest.testSelectTimeslotForDeliveryClickSubmit(TC06_CustPlaceOrderVerifyOrderDetailsTest.java:80)
	at sun.reflect.NativeMethodAccessorImpl.invoke0(Native Method)
	at sun.reflect.NativeMethodAccessorImpl.invoke(NativeMethodAccessorImpl.java:62)
	at sun.reflect.DelegatingMethodAccessorImpl.invoke(DelegatingMethodAccessorImpl.java:43)
	at java.lang.reflect.Method.invoke(Method.java:498)
	at org.testng.internal.MethodInvocationHelper.invokeMethod(MethodInvocationHelper.java:80)
	at org.testng.internal.Invoker.invokeMethod(Invoker.java:714)
	at org.testng.internal.Invoker.invokeTestMethod(Invoker.java:901)
	at org.testng.internal.Invoker.invokeTestMethods(Invoker.java:1231)
	at org.testng.internal.TestMethodWorker.invokeTestMethods(TestMethodWorker.java:127)
	at org.testng.internal.TestMethodWorker.run(TestMethodWorker.java:111)
	at org.testng.TestRunner.privateRun(TestRunner.java:767)
	at org.testng.TestRunner.run(TestRunner.java:617)
	at org.testng.SuiteRunner.runTest(SuiteRunner.java:334)
	at org.testng.SuiteRunner.runSequentially(SuiteRunner.java:329)
	at org.testng.SuiteRunner.privateRun(SuiteRunner.java:291)
	at org.testng.SuiteRunner.run(SuiteRunner.java:240)
	at org.testng.SuiteRunnerWorker.runSuite(SuiteRunnerWorker.java:52)
	at org.testng.SuiteRunnerWorker.run(SuiteRunnerWorker.java:86)
	at org.testng.TestNG.runSuitesSequentially(TestNG.java:1198)
	at org.testng.TestNG.runSuitesLocally(TestNG.java:1123)
	at org.testng.TestNG.run(TestNG.java:1031)
	at org.apache.maven.surefire.testng.TestNGExecutor.run(TestNGExecutor.java:283)
	at org.apache.maven.surefire.testng.TestNGXmlTestSuite.execute(TestNGXmlTestSuite.java:75)
	at org.apache.maven.surefire.testng.TestNGProvider.invoke(TestNGProvider.java:120)
	at org.apache.maven.surefire.booter.ForkedBooter.invokeProviderInSameClassLoader(ForkedBooter.java:386)
	at org.apache.maven.surefire.booter.ForkedBooter.runSuitesInProcess(ForkedBooter.java:323)
	at org.apache.maven.surefire.booter.ForkedBooter.main(ForkedBooter.java:143)
]]>
            </full-stacktrace>
          </exception> <!-- java.lang.AssertionError -->
          <reporter-output>
          </reporter-output>
        </test-method> <!-- testSelectTimeslotForDeliveryClickSubmit -->
        <test-method status="FAIL" signature="testCustomerOrderDisplayedonOrderListPage()[pri:0, instance:ssda_test.customer.TC06_CustPlaceOrderVerifyOrderDetailsTest@52f27fbd]" name="testCustomerOrderDisplayedonOrderListPage" duration-ms="9825" started-at="2021-01-21T12:10:08Z" finished-at="2021-01-21T12:10:18Z">
          <exception class="java.lang.AssertionError">
            <message>
              <![CDATA[expected [true] but found [false]]]>
            </message>
            <full-stacktrace>
              <![CDATA[java.lang.AssertionError: expected [true] but found [false]
	at org.testng.Assert.fail(Assert.java:94)
	at org.testng.Assert.failNotEquals(Assert.java:494)
	at org.testng.Assert.assertTrue(Assert.java:42)
	at org.testng.Assert.assertTrue(Assert.java:52)
	at ssda_test.customer.TC06_CustPlaceOrderVerifyOrderDetailsTest.testCustomerOrderDisplayedonOrderListPage(TC06_CustPlaceOrderVerifyOrderDetailsTest.java:98)
	at sun.reflect.NativeMethodAccessorImpl.invoke0(Native Method)
	at sun.reflect.NativeMethodAccessorImpl.invoke(NativeMethodAccessorImpl.java:62)
	at sun.reflect.DelegatingMethodAccessorImpl.invoke(DelegatingMethodAccessorImpl.java:43)
	at java.lang.reflect.Method.invoke(Method.java:498)
	at org.testng.internal.MethodInvocationHelper.invokeMethod(MethodInvocationHelper.java:80)
	at org.testng.internal.Invoker.invokeMethod(Invoker.java:714)
	at org.testng.internal.Invoker.invokeTestMethod(Invoker.java:901)
	at org.testng.internal.Invoker.invokeTestMethods(Invoker.java:1231)
	at org.testng.internal.TestMethodWorker.invokeTestMethods(TestMethodWorker.java:127)
	at org.testng.internal.TestMethodWorker.run(TestMethodWorker.java:111)
	at org.testng.TestRunner.privateRun(TestRunner.java:767)
	at org.testng.TestRunner.run(TestRunner.java:617)
	at org.testng.SuiteRunner.runTest(SuiteRunner.java:334)
	at org.testng.SuiteRunner.runSequentially(SuiteRunner.java:329)
	at org.testng.SuiteRunner.privateRun(SuiteRunner.java:291)
	at org.testng.SuiteRunner.run(SuiteRunner.java:240)
	at org.testng.SuiteRunnerWorker.runSuite(SuiteRunnerWorker.java:52)
	at org.testng.SuiteRunnerWorker.run(SuiteRunnerWorker.java:86)
	at org.testng.TestNG.runSuitesSequentially(TestNG.java:1198)
	at org.testng.TestNG.runSuitesLocally(TestNG.java:1123)
	at org.testng.TestNG.run(TestNG.java:1031)
	at org.apache.maven.surefire.testng.TestNGExecutor.run(TestNGExecutor.java:283)
	at org.apache.maven.surefire.testng.TestNGXmlTestSuite.execute(TestNGXmlTestSuite.java:75)
	at org.apache.maven.surefire.testng.TestNGProvider.invoke(TestNGProvider.java:120)
	at org.apache.maven.surefire.booter.ForkedBooter.invokeProviderInSameClassLoader(ForkedBooter.java:386)
	at org.apache.maven.surefire.booter.ForkedBooter.runSuitesInProcess(ForkedBooter.java:323)
	at org.apache.maven.surefire.booter.ForkedBooter.main(ForkedBooter.java:143)
]]>
            </full-stacktrace>
          </exception> <!-- java.lang.AssertionError -->
          <reporter-output>
          </reporter-output>
        </test-method> <!-- testCustomerOrderDisplayedonOrderListPage -->
        <test-method status="PASS" signature="testOrderDetailsonOrderListPage()[pri:0, instance:ssda_test.customer.TC06_CustPlaceOrderVerifyOrderDetailsTest@52f27fbd]" name="testOrderDetailsonOrderListPage" duration-ms="69" started-at="2021-01-21T12:10:18Z" finished-at="2021-01-21T12:10:18Z">
          <reporter-output>
          </reporter-output>
        </test-method> <!-- testOrderDetailsonOrderListPage -->
        <test-method status="PASS" signature="testOrderDetailsinOrderDetailsWindow()[pri:0, instance:ssda_test.customer.TC06_CustPlaceOrderVerifyOrderDetailsTest@52f27fbd]" name="testOrderDetailsinOrderDetailsWindow" duration-ms="1745" started-at="2021-01-21T12:10:18Z" finished-at="2021-01-21T12:10:20Z">
          <reporter-output>
          </reporter-output>
        </test-method> <!-- testOrderDetailsinOrderDetailsWindow -->
        <test-method status="PASS" signature="teardown()[pri:0, instance:ssda_test.customer.TC06_CustPlaceOrderVerifyOrderDetailsTest@52f27fbd]" name="teardown" is-config="true" duration-ms="927" started-at="2021-01-21T12:10:20Z" finished-at="2021-01-21T12:10:21Z">
          <reporter-output>
          </reporter-output>
        </test-method> <!-- teardown -->
      </class> <!-- ssda_test.customer.TC06_CustPlaceOrderVerifyOrderDetailsTest -->
    </test> <!-- Validating place order and verify order details test -->
    <test name="Validating Customer order list search filters test" duration-ms="56403" started-at="2021-01-21T06:40:21Z" finished-at="2021-01-21T06:41:18Z">
      <class name="ssda_test.customer.TC07_CustOrderListFiltersValidationTest">
        <test-method status="PASS" signature="initialize()[pri:0, instance:ssda_test.customer.TC07_CustOrderListFiltersValidationTest@72bc6553]" name="initialize" is-config="true" duration-ms="18214" started-at="2021-01-21T12:10:21Z" finished-at="2021-01-21T12:10:39Z">
          <reporter-output>
          </reporter-output>
        </test-method> <!-- initialize -->
        <test-method status="PASS" signature="testCustomerOrdersDisplayedonOrderListPage()[pri:0, instance:ssda_test.customer.TC07_CustOrderListFiltersValidationTest@72bc6553]" name="testCustomerOrdersDisplayedonOrderListPage" duration-ms="27130" started-at="2021-01-21T12:10:39Z" finished-at="2021-01-21T12:11:07Z">
          <reporter-output>
          </reporter-output>
        </test-method> <!-- testCustomerOrdersDisplayedonOrderListPage -->
        <test-method status="PASS" signature="testOrdersDisplayedPerPageFilter()[pri:0, instance:ssda_test.customer.TC07_CustOrderListFiltersValidationTest@72bc6553]" name="testOrdersDisplayedPerPageFilter" duration-ms="740" started-at="2021-01-21T12:11:07Z" finished-at="2021-01-21T12:11:07Z">
          <reporter-output>
          </reporter-output>
        </test-method> <!-- testOrdersDisplayedPerPageFilter -->
        <test-method status="PASS" signature="testSearchByOrderStatusFilter()[pri:0, instance:ssda_test.customer.TC07_CustOrderListFiltersValidationTest@72bc6553]" name="testSearchByOrderStatusFilter" duration-ms="8450" started-at="2021-01-21T12:11:07Z" finished-at="2021-01-21T12:11:16Z">
          <reporter-output>
          </reporter-output>
        </test-method> <!-- testSearchByOrderStatusFilter -->
        <test-method status="PASS" signature="testSearchByOrderNumberFilter()[pri:0, instance:ssda_test.customer.TC07_CustOrderListFiltersValidationTest@72bc6553]" name="testSearchByOrderNumberFilter" duration-ms="671" started-at="2021-01-21T12:11:16Z" finished-at="2021-01-21T12:11:16Z">
          <reporter-output>
          </reporter-output>
        </test-method> <!-- testSearchByOrderNumberFilter -->
        <test-method status="PASS" signature="teardown()[pri:0, instance:ssda_test.customer.TC07_CustOrderListFiltersValidationTest@72bc6553]" name="teardown" is-config="true" duration-ms="1195" started-at="2021-01-21T12:11:16Z" finished-at="2021-01-21T12:11:18Z">
          <reporter-output>
          </reporter-output>
        </test-method> <!-- teardown -->
      </class> <!-- ssda_test.customer.TC07_CustOrderListFiltersValidationTest -->
    </test> <!-- Validating Customer order list search filters test -->
    <test name="Validating admin Home page test" duration-ms="23264" started-at="2021-01-21T06:41:18Z" finished-at="2021-01-21T06:41:41Z">
      <class name="ssda_test.admin.ValidateHomePage">
        <test-method status="PASS" signature="initialize()[pri:0, instance:ssda_test.admin.ValidateHomePage@6b695b06]" name="initialize" is-config="true" duration-ms="4327" started-at="2021-01-21T12:11:18Z" finished-at="2021-01-21T12:11:22Z">
          <reporter-output>
          </reporter-output>
        </test-method> <!-- initialize -->
        <test-method status="PASS" signature="basePageNavigation()[pri:0, instance:ssda_test.admin.ValidateHomePage@6b695b06]" name="basePageNavigation" duration-ms="17940" started-at="2021-01-21T12:11:22Z" finished-at="2021-01-21T12:11:40Z">
          <reporter-output>
          </reporter-output>
        </test-method> <!-- basePageNavigation -->
        <test-method status="PASS" signature="teardown()[pri:0, instance:ssda_test.admin.ValidateHomePage@6b695b06]" name="teardown" is-config="true" duration-ms="996" started-at="2021-01-21T12:11:40Z" finished-at="2021-01-21T12:11:41Z">
          <reporter-output>
          </reporter-output>
        </test-method> <!-- teardown -->
      </class> <!-- ssda_test.admin.ValidateHomePage -->
    </test> <!-- Validating admin Home page test -->
  </suite> <!-- Suite -->
</testng-results>
