<?xml version="1.0" encoding="UTF-8"?>
<testng-results skipped="0" failed="4" total="17" passed="13">
  <reporter-output>
  </reporter-output>
  <suite name="Suite" duration-ms="220361" started-at="2021-01-11T10:30:01Z" finished-at="2021-01-11T10:33:42Z">
    <groups>
    </groups>
    <test name="Validating Login Test" duration-ms="27054" started-at="2021-01-11T10:30:01Z" finished-at="2021-01-11T10:30:28Z">
      <class name="ssda_test.customer.TC01_CustLoginTest">
        <test-method status="PASS" signature="initialize()[pri:0, instance:ssda_test.customer.TC01_CustLoginTest@55de24cc]" name="initialize" is-config="true" duration-ms="4840" started-at="2021-01-11T16:00:01Z" finished-at="2021-01-11T16:00:06Z">
          <reporter-output>
          </reporter-output>
        </test-method> <!-- initialize -->
        <test-method status="PASS" signature="testWithMobileNumberLessThanTenDigits()[pri:0, instance:ssda_test.customer.TC01_CustLoginTest@55de24cc]" name="testWithMobileNumberLessThanTenDigits" duration-ms="14213" started-at="2021-01-11T16:00:06Z" finished-at="2021-01-11T16:00:20Z">
          <reporter-output>
          </reporter-output>
        </test-method> <!-- testWithMobileNumberLessThanTenDigits -->
        <test-method status="PASS" signature="testWithMobileNumberMoreThanTenDigits()[pri:0, instance:ssda_test.customer.TC01_CustLoginTest@55de24cc]" name="testWithMobileNumberMoreThanTenDigits" duration-ms="1360" started-at="2021-01-11T16:00:20Z" finished-at="2021-01-11T16:00:22Z">
          <reporter-output>
          </reporter-output>
        </test-method> <!-- testWithMobileNumberMoreThanTenDigits -->
        <test-method status="PASS" signature="testWithMobileNumberContainsAlphabets()[pri:0, instance:ssda_test.customer.TC01_CustLoginTest@55de24cc]" name="testWithMobileNumberContainsAlphabets" duration-ms="1603" started-at="2021-01-11T16:00:22Z" finished-at="2021-01-11T16:00:23Z">
          <reporter-output>
          </reporter-output>
        </test-method> <!-- testWithMobileNumberContainsAlphabets -->
        <test-method status="PASS" signature="testCustomerLoginWithInvalidCredentials()[pri:0, instance:ssda_test.customer.TC01_CustLoginTest@55de24cc]" name="testCustomerLoginWithInvalidCredentials" duration-ms="1902" started-at="2021-01-11T16:00:23Z" finished-at="2021-01-11T16:00:25Z">
          <reporter-output>
          </reporter-output>
        </test-method> <!-- testCustomerLoginWithInvalidCredentials -->
        <test-method status="PASS" signature="testCustomerLoginWithValidCredentials()[pri:0, instance:ssda_test.customer.TC01_CustLoginTest@55de24cc]" name="testCustomerLoginWithValidCredentials" duration-ms="2293" started-at="2021-01-11T16:00:25Z" finished-at="2021-01-11T16:00:27Z">
          <reporter-output>
          </reporter-output>
        </test-method> <!-- testCustomerLoginWithValidCredentials -->
        <test-method status="PASS" signature="teardown()[pri:0, instance:ssda_test.customer.TC01_CustLoginTest@55de24cc]" name="teardown" is-config="true" duration-ms="808" started-at="2021-01-11T16:00:27Z" finished-at="2021-01-11T16:00:28Z">
          <reporter-output>
          </reporter-output>
        </test-method> <!-- teardown -->
      </class> <!-- ssda_test.customer.TC01_CustLoginTest -->
    </test> <!-- Validating Login Test -->
    <test name="Validating Add to cart Test" duration-ms="52899" started-at="2021-01-11T10:30:29Z" finished-at="2021-01-11T10:31:22Z">
      <class name="ssda_test.customer.TC02_CustAddtoCartTest">
        <test-method status="PASS" signature="initialize()[pri:0, instance:ssda_test.customer.TC02_CustAddtoCartTest@475c9c31]" name="initialize" is-config="true" duration-ms="15359" started-at="2021-01-11T16:00:29Z" finished-at="2021-01-11T16:00:44Z">
          <reporter-output>
          </reporter-output>
        </test-method> <!-- initialize -->
        <test-method status="PASS" signature="testCheckoutButtonWithEmptyCart()[pri:0, instance:ssda_test.customer.TC02_CustAddtoCartTest@475c9c31]" name="testCheckoutButtonWithEmptyCart" duration-ms="4305" started-at="2021-01-11T16:00:44Z" finished-at="2021-01-11T16:00:48Z">
          <reporter-output>
          </reporter-output>
        </test-method> <!-- testCheckoutButtonWithEmptyCart -->
        <test-method status="PASS" signature="testAddToCartButtonVisibility()[pri:0, instance:ssda_test.customer.TC02_CustAddtoCartTest@475c9c31]" name="testAddToCartButtonVisibility" duration-ms="9311" started-at="2021-01-11T16:00:48Z" finished-at="2021-01-11T16:00:58Z">
          <reporter-output>
          </reporter-output>
        </test-method> <!-- testAddToCartButtonVisibility -->
        <test-method status="FAIL" signature="testAddToCartFeature()[pri:0, instance:ssda_test.customer.TC02_CustAddtoCartTest@475c9c31]" name="testAddToCartFeature" duration-ms="20976" started-at="2021-01-11T16:00:58Z" finished-at="2021-01-11T16:01:19Z">
          <exception class="org.openqa.selenium.NoSuchElementException">
            <message>
              <![CDATA[no such element: Unable to locate element: {"method":"xpath","selector":"//div[@aria-label='The product is added in the cart']"}
  (Session info: chrome=87.0.4280.88)
For documentation on this error, please visit: https://www.seleniumhq.org/exceptions/no_such_element.html
Build info: version: '3.141.59', revision: 'e82be7d358', time: '2018-11-14T08:17:03'
System info: host: 'SAGARW-VAIO', ip: '192.168.0.106', os.name: 'Windows 7', os.arch: 'amd64', os.version: '6.1', java.version: '1.8.0_221'
Driver info: org.openqa.selenium.chrome.ChromeDriver
Capabilities {acceptInsecureCerts: false, browserName: chrome, browserVersion: 87.0.4280.88, chrome: {chromedriverVersion: 87.0.4280.88 (89e2380a3e36c..., userDataDir: C:\Users\sagarw\AppData\Loc...}, goog:chromeOptions: {debuggerAddress: localhost:51022}, javascriptEnabled: true, networkConnectionEnabled: false, pageLoadStrategy: normal, platform: WINDOWS, platformName: WINDOWS, proxy: Proxy(), setWindowRect: true, strictFileInteractability: false, timeouts: {implicit: 0, pageLoad: 300000, script: 30000}, unhandledPromptBehavior: dismiss and notify, webauthn:virtualAuthenticators: true}
Session ID: 0c9b4f7d7a1bd15a83184a871e63d811
*** Element info: {Using=xpath, value=//div[@aria-label='The product is added in the cart']}]]>
            </message>
            <full-stacktrace>
              <![CDATA[org.openqa.selenium.NoSuchElementException: no such element: Unable to locate element: {"method":"xpath","selector":"//div[@aria-label='The product is added in the cart']"}
  (Session info: chrome=87.0.4280.88)
For documentation on this error, please visit: https://www.seleniumhq.org/exceptions/no_such_element.html
Build info: version: '3.141.59', revision: 'e82be7d358', time: '2018-11-14T08:17:03'
System info: host: 'SAGARW-VAIO', ip: '192.168.0.106', os.name: 'Windows 7', os.arch: 'amd64', os.version: '6.1', java.version: '1.8.0_221'
Driver info: org.openqa.selenium.chrome.ChromeDriver
Capabilities {acceptInsecureCerts: false, browserName: chrome, browserVersion: 87.0.4280.88, chrome: {chromedriverVersion: 87.0.4280.88 (89e2380a3e36c..., userDataDir: C:\Users\sagarw\AppData\Loc...}, goog:chromeOptions: {debuggerAddress: localhost:51022}, javascriptEnabled: true, networkConnectionEnabled: false, pageLoadStrategy: normal, platform: WINDOWS, platformName: WINDOWS, proxy: Proxy(), setWindowRect: true, strictFileInteractability: false, timeouts: {implicit: 0, pageLoad: 300000, script: 30000}, unhandledPromptBehavior: dismiss and notify, webauthn:virtualAuthenticators: true}
Session ID: 0c9b4f7d7a1bd15a83184a871e63d811
*** Element info: {Using=xpath, value=//div[@aria-label='The product is added in the cart']}
	at sun.reflect.NativeConstructorAccessorImpl.newInstance0(Native Method)
	at sun.reflect.NativeConstructorAccessorImpl.newInstance(NativeConstructorAccessorImpl.java:62)
	at sun.reflect.DelegatingConstructorAccessorImpl.newInstance(DelegatingConstructorAccessorImpl.java:45)
	at java.lang.reflect.Constructor.newInstance(Constructor.java:423)
	at org.openqa.selenium.remote.http.W3CHttpResponseCodec.createException(W3CHttpResponseCodec.java:187)
	at org.openqa.selenium.remote.http.W3CHttpResponseCodec.decode(W3CHttpResponseCodec.java:122)
	at org.openqa.selenium.remote.http.W3CHttpResponseCodec.decode(W3CHttpResponseCodec.java:49)
	at org.openqa.selenium.remote.HttpCommandExecutor.execute(HttpCommandExecutor.java:158)
	at org.openqa.selenium.remote.service.DriverCommandExecutor.execute(DriverCommandExecutor.java:83)
	at org.openqa.selenium.remote.RemoteWebDriver.execute(RemoteWebDriver.java:552)
	at org.openqa.selenium.remote.RemoteWebDriver.findElement(RemoteWebDriver.java:323)
	at org.openqa.selenium.remote.RemoteWebDriver.findElementByXPath(RemoteWebDriver.java:428)
	at org.openqa.selenium.By$ByXPath.findElement(By.java:353)
	at org.openqa.selenium.remote.RemoteWebDriver.findElement(RemoteWebDriver.java:315)
	at pageObjects.CustomerHomePage.getProductAddedAlert(CustomerHomePage.java:127)
	at ssda_test.customer.TC02_CustAddtoCartTest.testAddToCartFeature(TC02_CustAddtoCartTest.java:78)
	at sun.reflect.NativeMethodAccessorImpl.invoke0(Native Method)
	at sun.reflect.NativeMethodAccessorImpl.invoke(NativeMethodAccessorImpl.java:62)
	at sun.reflect.DelegatingMethodAccessorImpl.invoke(DelegatingMethodAccessorImpl.java:43)
	at java.lang.reflect.Method.invoke(Method.java:498)
	at org.testng.internal.MethodInvocationHelper.invokeMethod(MethodInvocationHelper.java:80)
	at org.testng.internal.Invoker.invokeMethod(Invoker.java:714)
	at org.testng.internal.Invoker.invokeTestMethod(Invoker.java:901)
	at org.testng.internal.Invoker.invokeTestMethods(Invoker.java:1231)
	at org.testng.internal.TestMethodWorker.invokeTestMethods(TestMethodWorker.java:127)
	at org.testng.internal.TestMethodWorker.run(TestMethodWorker.java:111)
	at org.testng.TestRunner.privateRun(TestRunner.java:767)
	at org.testng.TestRunner.run(TestRunner.java:617)
	at org.testng.SuiteRunner.runTest(SuiteRunner.java:334)
	at org.testng.SuiteRunner.runSequentially(SuiteRunner.java:329)
	at org.testng.SuiteRunner.privateRun(SuiteRunner.java:291)
	at org.testng.SuiteRunner.run(SuiteRunner.java:240)
	at org.testng.SuiteRunnerWorker.runSuite(SuiteRunnerWorker.java:52)
	at org.testng.SuiteRunnerWorker.run(SuiteRunnerWorker.java:86)
	at org.testng.TestNG.runSuitesSequentially(TestNG.java:1198)
	at org.testng.TestNG.runSuitesLocally(TestNG.java:1123)
	at org.testng.TestNG.run(TestNG.java:1031)
	at org.testng.remote.AbstractRemoteTestNG.run(AbstractRemoteTestNG.java:115)
	at org.testng.remote.RemoteTestNG.initAndRun(RemoteTestNG.java:251)
	at org.testng.remote.RemoteTestNG.main(RemoteTestNG.java:77)
]]>
            </full-stacktrace>
          </exception> <!-- org.openqa.selenium.NoSuchElementException -->
          <reporter-output>
          </reporter-output>
        </test-method> <!-- testAddToCartFeature -->
        <test-method status="FAIL" signature="testProductDetailsInCart()[pri:0, instance:ssda_test.customer.TC02_CustAddtoCartTest@475c9c31]" name="testProductDetailsInCart" duration-ms="160" started-at="2021-01-11T16:01:19Z" finished-at="2021-01-11T16:01:20Z">
          <exception class="java.lang.NumberFormatException">
            <message>
              <![CDATA[For input string: "3,333.00"]]>
            </message>
            <full-stacktrace>
              <![CDATA[java.lang.NumberFormatException: For input string: "3,333.00"
	at sun.misc.FloatingDecimal.readJavaFormatString(FloatingDecimal.java:2043)
	at sun.misc.FloatingDecimal.parseDouble(FloatingDecimal.java:110)
	at java.lang.Double.parseDouble(Double.java:538)
	at ssda_test.customer.TC02_CustAddtoCartTest.testProductDetailsInCart(TC02_CustAddtoCartTest.java:94)
	at sun.reflect.NativeMethodAccessorImpl.invoke0(Native Method)
	at sun.reflect.NativeMethodAccessorImpl.invoke(NativeMethodAccessorImpl.java:62)
	at sun.reflect.DelegatingMethodAccessorImpl.invoke(DelegatingMethodAccessorImpl.java:43)
	at java.lang.reflect.Method.invoke(Method.java:498)
	at org.testng.internal.MethodInvocationHelper.invokeMethod(MethodInvocationHelper.java:80)
	at org.testng.internal.Invoker.invokeMethod(Invoker.java:714)
	at org.testng.internal.Invoker.invokeTestMethod(Invoker.java:901)
	at org.testng.internal.Invoker.invokeTestMethods(Invoker.java:1231)
	at org.testng.internal.TestMethodWorker.invokeTestMethods(TestMethodWorker.java:127)
	at org.testng.internal.TestMethodWorker.run(TestMethodWorker.java:111)
	at org.testng.TestRunner.privateRun(TestRunner.java:767)
	at org.testng.TestRunner.run(TestRunner.java:617)
	at org.testng.SuiteRunner.runTest(SuiteRunner.java:334)
	at org.testng.SuiteRunner.runSequentially(SuiteRunner.java:329)
	at org.testng.SuiteRunner.privateRun(SuiteRunner.java:291)
	at org.testng.SuiteRunner.run(SuiteRunner.java:240)
	at org.testng.SuiteRunnerWorker.runSuite(SuiteRunnerWorker.java:52)
	at org.testng.SuiteRunnerWorker.run(SuiteRunnerWorker.java:86)
	at org.testng.TestNG.runSuitesSequentially(TestNG.java:1198)
	at org.testng.TestNG.runSuitesLocally(TestNG.java:1123)
	at org.testng.TestNG.run(TestNG.java:1031)
	at org.testng.remote.AbstractRemoteTestNG.run(AbstractRemoteTestNG.java:115)
	at org.testng.remote.RemoteTestNG.initAndRun(RemoteTestNG.java:251)
	at org.testng.remote.RemoteTestNG.main(RemoteTestNG.java:77)
]]>
            </full-stacktrace>
          </exception> <!-- java.lang.NumberFormatException -->
          <reporter-output>
          </reporter-output>
        </test-method> <!-- testProductDetailsInCart -->
        <test-method status="FAIL" signature="testTotalAmountPayable()[pri:0, instance:ssda_test.customer.TC02_CustAddtoCartTest@475c9c31]" name="testTotalAmountPayable" duration-ms="50" started-at="2021-01-11T16:01:20Z" finished-at="2021-01-11T16:01:20Z">
          <exception class="java.lang.AssertionError">
            <message>
              <![CDATA[expected [true] but found [false]]]>
            </message>
            <full-stacktrace>
              <![CDATA[java.lang.AssertionError: expected [true] but found [false]
	at org.testng.Assert.fail(Assert.java:94)
	at org.testng.Assert.failNotEquals(Assert.java:494)
	at org.testng.Assert.assertTrue(Assert.java:42)
	at org.testng.Assert.assertTrue(Assert.java:52)
	at ssda_test.customer.TC02_CustAddtoCartTest.testTotalAmountPayable(TC02_CustAddtoCartTest.java:103)
	at sun.reflect.NativeMethodAccessorImpl.invoke0(Native Method)
	at sun.reflect.NativeMethodAccessorImpl.invoke(NativeMethodAccessorImpl.java:62)
	at sun.reflect.DelegatingMethodAccessorImpl.invoke(DelegatingMethodAccessorImpl.java:43)
	at java.lang.reflect.Method.invoke(Method.java:498)
	at org.testng.internal.MethodInvocationHelper.invokeMethod(MethodInvocationHelper.java:80)
	at org.testng.internal.Invoker.invokeMethod(Invoker.java:714)
	at org.testng.internal.Invoker.invokeTestMethod(Invoker.java:901)
	at org.testng.internal.Invoker.invokeTestMethods(Invoker.java:1231)
	at org.testng.internal.TestMethodWorker.invokeTestMethods(TestMethodWorker.java:127)
	at org.testng.internal.TestMethodWorker.run(TestMethodWorker.java:111)
	at org.testng.TestRunner.privateRun(TestRunner.java:767)
	at org.testng.TestRunner.run(TestRunner.java:617)
	at org.testng.SuiteRunner.runTest(SuiteRunner.java:334)
	at org.testng.SuiteRunner.runSequentially(SuiteRunner.java:329)
	at org.testng.SuiteRunner.privateRun(SuiteRunner.java:291)
	at org.testng.SuiteRunner.run(SuiteRunner.java:240)
	at org.testng.SuiteRunnerWorker.runSuite(SuiteRunnerWorker.java:52)
	at org.testng.SuiteRunnerWorker.run(SuiteRunnerWorker.java:86)
	at org.testng.TestNG.runSuitesSequentially(TestNG.java:1198)
	at org.testng.TestNG.runSuitesLocally(TestNG.java:1123)
	at org.testng.TestNG.run(TestNG.java:1031)
	at org.testng.remote.AbstractRemoteTestNG.run(AbstractRemoteTestNG.java:115)
	at org.testng.remote.RemoteTestNG.initAndRun(RemoteTestNG.java:251)
	at org.testng.remote.RemoteTestNG.main(RemoteTestNG.java:77)
]]>
            </full-stacktrace>
          </exception> <!-- java.lang.AssertionError -->
          <reporter-output>
          </reporter-output>
        </test-method> <!-- testTotalAmountPayable -->
        <test-method status="FAIL" signature="testDeleteItemFromCart()[pri:0, instance:ssda_test.customer.TC02_CustAddtoCartTest@475c9c31]" name="testDeleteItemFromCart" duration-ms="43" started-at="2021-01-11T16:01:20Z" finished-at="2021-01-11T16:01:21Z">
          <exception class="java.lang.NumberFormatException">
            <message>
              <![CDATA[For input string: "3,333.00"]]>
            </message>
            <full-stacktrace>
              <![CDATA[java.lang.NumberFormatException: For input string: "3,333.00"
	at sun.misc.FloatingDecimal.readJavaFormatString(FloatingDecimal.java:2043)
	at sun.misc.FloatingDecimal.parseDouble(FloatingDecimal.java:110)
	at java.lang.Double.parseDouble(Double.java:538)
	at ssda_test.customer.TC02_CustAddtoCartTest.testDeleteItemFromCart(TC02_CustAddtoCartTest.java:112)
	at sun.reflect.NativeMethodAccessorImpl.invoke0(Native Method)
	at sun.reflect.NativeMethodAccessorImpl.invoke(NativeMethodAccessorImpl.java:62)
	at sun.reflect.DelegatingMethodAccessorImpl.invoke(DelegatingMethodAccessorImpl.java:43)
	at java.lang.reflect.Method.invoke(Method.java:498)
	at org.testng.internal.MethodInvocationHelper.invokeMethod(MethodInvocationHelper.java:80)
	at org.testng.internal.Invoker.invokeMethod(Invoker.java:714)
	at org.testng.internal.Invoker.invokeTestMethod(Invoker.java:901)
	at org.testng.internal.Invoker.invokeTestMethods(Invoker.java:1231)
	at org.testng.internal.TestMethodWorker.invokeTestMethods(TestMethodWorker.java:127)
	at org.testng.internal.TestMethodWorker.run(TestMethodWorker.java:111)
	at org.testng.TestRunner.privateRun(TestRunner.java:767)
	at org.testng.TestRunner.run(TestRunner.java:617)
	at org.testng.SuiteRunner.runTest(SuiteRunner.java:334)
	at org.testng.SuiteRunner.runSequentially(SuiteRunner.java:329)
	at org.testng.SuiteRunner.privateRun(SuiteRunner.java:291)
	at org.testng.SuiteRunner.run(SuiteRunner.java:240)
	at org.testng.SuiteRunnerWorker.runSuite(SuiteRunnerWorker.java:52)
	at org.testng.SuiteRunnerWorker.run(SuiteRunnerWorker.java:86)
	at org.testng.TestNG.runSuitesSequentially(TestNG.java:1198)
	at org.testng.TestNG.runSuitesLocally(TestNG.java:1123)
	at org.testng.TestNG.run(TestNG.java:1031)
	at org.testng.remote.AbstractRemoteTestNG.run(AbstractRemoteTestNG.java:115)
	at org.testng.remote.RemoteTestNG.initAndRun(RemoteTestNG.java:251)
	at org.testng.remote.RemoteTestNG.main(RemoteTestNG.java:77)
]]>
            </full-stacktrace>
          </exception> <!-- java.lang.NumberFormatException -->
          <reporter-output>
          </reporter-output>
        </test-method> <!-- testDeleteItemFromCart -->
        <test-method status="PASS" signature="teardown()[pri:0, instance:ssda_test.customer.TC02_CustAddtoCartTest@475c9c31]" name="teardown" is-config="true" duration-ms="749" started-at="2021-01-11T16:01:21Z" finished-at="2021-01-11T16:01:22Z">
          <reporter-output>
          </reporter-output>
        </test-method> <!-- teardown -->
      </class> <!-- ssda_test.customer.TC02_CustAddtoCartTest -->
    </test> <!-- Validating Add to cart Test -->
    <test name="Validating select timeslot place order Test" duration-ms="56091" started-at="2021-01-11T10:31:22Z" finished-at="2021-01-11T10:32:18Z">
      <class name="ssda_test.customer.TC03_CustSelectTimeslotPlaceOrderTest">
        <test-method status="PASS" signature="initialize()[pri:0, instance:ssda_test.customer.TC03_CustSelectTimeslotPlaceOrderTest@4dc27487]" name="initialize" is-config="true" duration-ms="20918" started-at="2021-01-11T16:01:22Z" finished-at="2021-01-11T16:01:43Z">
          <reporter-output>
          </reporter-output>
        </test-method> <!-- initialize -->
        <test-method status="PASS" signature="testAddToCartClickCheckoutButton()[pri:0, instance:ssda_test.customer.TC03_CustSelectTimeslotPlaceOrderTest@4dc27487]" name="testAddToCartClickCheckoutButton" duration-ms="19521" started-at="2021-01-11T16:01:43Z" finished-at="2021-01-11T16:02:02Z">
          <reporter-output>
          </reporter-output>
        </test-method> <!-- testAddToCartClickCheckoutButton -->
        <test-method status="PASS" signature="testDontSelectTimeslotClickSubmit()[pri:0, instance:ssda_test.customer.TC03_CustSelectTimeslotPlaceOrderTest@4dc27487]" name="testDontSelectTimeslotClickSubmit" duration-ms="1477" started-at="2021-01-11T16:02:02Z" finished-at="2021-01-11T16:02:04Z">
          <reporter-output>
          </reporter-output>
        </test-method> <!-- testDontSelectTimeslotClickSubmit -->
        <test-method status="PASS" signature="testSelectTimeslotForDeliveryClickCancel()[pri:0, instance:ssda_test.customer.TC03_CustSelectTimeslotPlaceOrderTest@4dc27487]" name="testSelectTimeslotForDeliveryClickCancel" duration-ms="5765" started-at="2021-01-11T16:02:04Z" finished-at="2021-01-11T16:02:09Z">
          <reporter-output>
          </reporter-output>
        </test-method> <!-- testSelectTimeslotForDeliveryClickCancel -->
        <test-method status="PASS" signature="testSelectTimeslotForDeliveryClickSubmit()[pri:0, instance:ssda_test.customer.TC03_CustSelectTimeslotPlaceOrderTest@4dc27487]" name="testSelectTimeslotForDeliveryClickSubmit" duration-ms="7592" started-at="2021-01-11T16:02:09Z" finished-at="2021-01-11T16:02:17Z">
          <reporter-output>
          </reporter-output>
        </test-method> <!-- testSelectTimeslotForDeliveryClickSubmit -->
        <test-method status="PASS" signature="teardown()[pri:0, instance:ssda_test.customer.TC03_CustSelectTimeslotPlaceOrderTest@4dc27487]" name="teardown" is-config="true" duration-ms="806" started-at="2021-01-11T16:02:17Z" finished-at="2021-01-11T16:02:18Z">
          <reporter-output>
          </reporter-output>
        </test-method> <!-- teardown -->
      </class> <!-- ssda_test.customer.TC03_CustSelectTimeslotPlaceOrderTest -->
    </test> <!-- Validating select timeslot place order Test -->
    <test name="Validating Customer order details Test" duration-ms="57864" started-at="2021-01-11T10:32:18Z" finished-at="2021-01-11T10:33:16Z">
      <class name="ssda_test.customer.TC04_CustOrderDetailsTest">
        <test-method status="PASS" signature="initialize()[pri:0, instance:ssda_test.customer.TC04_CustOrderDetailsTest@626abbd0]" name="initialize" is-config="true" duration-ms="15797" started-at="2021-01-11T16:02:18Z" finished-at="2021-01-11T16:02:34Z">
          <reporter-output>
          </reporter-output>
        </test-method> <!-- initialize -->
        <test-method status="PASS" signature="testPlaceCustomerOrder()[pri:0, instance:ssda_test.customer.TC04_CustOrderDetailsTest@626abbd0]" name="testPlaceCustomerOrder" duration-ms="41210" started-at="2021-01-11T16:02:34Z" finished-at="2021-01-11T16:03:15Z">
          <reporter-output>
          </reporter-output>
        </test-method> <!-- testPlaceCustomerOrder -->
        <test-method status="PASS" signature="teardown()[pri:0, instance:ssda_test.customer.TC04_CustOrderDetailsTest@626abbd0]" name="teardown" is-config="true" duration-ms="853" started-at="2021-01-11T16:03:15Z" finished-at="2021-01-11T16:03:16Z">
          <reporter-output>
          </reporter-output>
        </test-method> <!-- teardown -->
      </class> <!-- ssda_test.customer.TC04_CustOrderDetailsTest -->
    </test> <!-- Validating Customer order details Test -->
    <test name="Validating admin Home page Test" duration-ms="25641" started-at="2021-01-11T10:33:16Z" finished-at="2021-01-11T10:33:42Z">
      <class name="ssda_test.admin.ValidateHomePage">
        <test-method status="PASS" signature="initialize()[pri:0, instance:ssda_test.admin.ValidateHomePage@66ea810]" name="initialize" is-config="true" duration-ms="3790" started-at="2021-01-11T16:03:16Z" finished-at="2021-01-11T16:03:20Z">
          <reporter-output>
          </reporter-output>
        </test-method> <!-- initialize -->
        <test-method status="PASS" signature="basePageNavigation()[pri:0, instance:ssda_test.admin.ValidateHomePage@66ea810]" name="basePageNavigation" duration-ms="21059" started-at="2021-01-11T16:03:20Z" finished-at="2021-01-11T16:03:41Z">
          <reporter-output>
          </reporter-output>
        </test-method> <!-- basePageNavigation -->
        <test-method status="PASS" signature="teardown()[pri:0, instance:ssda_test.admin.ValidateHomePage@66ea810]" name="teardown" is-config="true" duration-ms="789" started-at="2021-01-11T16:03:41Z" finished-at="2021-01-11T16:03:42Z">
          <reporter-output>
          </reporter-output>
        </test-method> <!-- teardown -->
      </class> <!-- ssda_test.admin.ValidateHomePage -->
    </test> <!-- Validating admin Home page Test -->
  </suite> <!-- Suite -->
</testng-results>
